<?xml version="1.0" encoding="UTF-8"?>
<!-- Generated by org.testng.reporters.JUnitReportReporter -->
<testsuite name="quotespage.InsertQuotes" tests="51" time="162.492" ignored="0" failures="0" timestamp="18 Jun 2019 17:58:26 GMT" skipped="0" hostname="DESKTOP-0PL7VUJ" errors="0">
  <testcase name="AddQuotes" time="2.987" classname="quotespage.InsertQuotes"/>
  <testcase name="AddQuotes" time="2.874" classname="quotespage.InsertQuotes"/>
  <testcase name="AddQuotes" time="2.901" classname="quotespage.InsertQuotes"/>
  <testcase name="AddQuotes" time="2.676" classname="quotespage.InsertQuotes"/>
  <testcase name="AddQuotes" time="2.922" classname="quotespage.InsertQuotes"/>
  <testcase name="AddQuotes" time="3.028" classname="quotespage.InsertQuotes"/>
  <testcase name="AddQuotes" time="2.784" classname="quotespage.InsertQuotes"/>
  <testcase name="AddQuotes" time="2.961" classname="quotespage.InsertQuotes"/>
  <testcase name="AddQuotes" time="3.305" classname="quotespage.InsertQuotes"/>
  <testcase name="AddQuotes" time="3.964" classname="quotespage.InsertQuotes"/>
  <testcase name="AddQuotes" time="2.811" classname="quotespage.InsertQuotes"/>
  <testcase name="AddQuotes" time="3.908" classname="quotespage.InsertQuotes"/>
  <testcase name="AddQuotes" time="2.720" classname="quotespage.InsertQuotes"/>
  <testcase name="AddQuotes" time="2.808" classname="quotespage.InsertQuotes"/>
  <testcase name="AddQuotes" time="2.845" classname="quotespage.InsertQuotes"/>
  <testcase name="AddQuotes" time="2.862" classname="quotespage.InsertQuotes"/>
  <testcase name="AddQuotes" time="3.481" classname="quotespage.InsertQuotes"/>
  <testcase name="AddQuotes" time="2.699" classname="quotespage.InsertQuotes"/>
  <testcase name="AddQuotes" time="2.668" classname="quotespage.InsertQuotes"/>
  <testcase name="AddQuotes" time="2.667" classname="quotespage.InsertQuotes"/>
  <testcase name="AddQuotes" time="2.874" classname="quotespage.InsertQuotes"/>
  <testcase name="AddQuotes" time="2.708" classname="quotespage.InsertQuotes"/>
  <testcase name="AddQuotes" time="3.028" classname="quotespage.InsertQuotes"/>
  <testcase name="AddQuotes" time="2.836" classname="quotespage.InsertQuotes"/>
  <testcase name="AddQuotes" time="6.035" classname="quotespage.InsertQuotes"/>
  <testcase name="AddQuotes" time="3.181" classname="quotespage.InsertQuotes"/>
  <testcase name="AddQuotes" time="2.893" classname="quotespage.InsertQuotes"/>
  <testcase name="AddQuotes" time="2.931" classname="quotespage.InsertQuotes"/>
  <testcase name="AddQuotes" time="3.714" classname="quotespage.InsertQuotes"/>
  <testcase name="AddQuotes" time="4.283" classname="quotespage.InsertQuotes"/>
  <testcase name="AddQuotes" time="3.020" classname="quotespage.InsertQuotes"/>
  <testcase name="AddQuotes" time="2.862" classname="quotespage.InsertQuotes"/>
  <testcase name="AddQuotes" time="2.978" classname="quotespage.InsertQuotes"/>
  <testcase name="AddQuotes" time="2.810" classname="quotespage.InsertQuotes"/>
  <testcase name="AddQuotes" time="3.165" classname="quotespage.InsertQuotes"/>
  <testcase name="AddQuotes" time="3.113" classname="quotespage.InsertQuotes"/>
  <testcase name="AddQuotes" time="3.067" classname="quotespage.InsertQuotes"/>
  <testcase name="AddQuotes" time="2.914" classname="quotespage.InsertQuotes"/>
  <testcase name="AddQuotes" time="3.032" classname="quotespage.InsertQuotes"/>
  <testcase name="AddQuotes" time="2.859" classname="quotespage.InsertQuotes"/>
  <testcase name="AddQuotes" time="7.306" classname="quotespage.InsertQuotes"/>
  <testcase name="AddQuotes" time="3.027" classname="quotespage.InsertQuotes"/>
  <testcase name="AddQuotes" time="2.917" classname="quotespage.InsertQuotes"/>
  <testcase name="AddQuotes" time="2.950" classname="quotespage.InsertQuotes"/>
  <testcase name="AddQuotes" time="4.357" classname="quotespage.InsertQuotes"/>
  <testcase name="AddQuotes" time="2.702" classname="quotespage.InsertQuotes"/>
  <testcase name="AddQuotes" time="2.899" classname="quotespage.InsertQuotes"/>
  <testcase name="AddQuotes" time="3.060" classname="quotespage.InsertQuotes"/>
  <testcase name="AddQuotes" time="3.281" classname="quotespage.InsertQuotes"/>
  <testcase name="AddQuotes" time="2.801" classname="quotespage.InsertQuotes"/>
  <testcase name="AddQuotes" time="3.018" classname="quotespage.InsertQuotes"/>
</testsuite> <!-- quotespage.InsertQuotes -->
